# JRE version: Java(TM) SE Runtime Environment (8.0_221-b11) (build 1.8.0_221-b11)
# Java VM: Java HotSpot(TM) 64-Bit Server VM (25.221-b11 mixed mode windows-amd64 compressed oops)
Heap:
 PSYoungGen      total 155648K, used 48500K [0x000000076bb00000, 0x000000077b100000, 0x00000007c0000000)
  eden space 144384K, 33% used [0x000000076bb00000,0x000000076ea5d140,0x0000000774800000)
  from space 11264K, 0% used [0x0000000774800000,0x0000000774800000,0x0000000775300000)
  to   space 12800K, 15% used [0x000000077a480000,0x000000077a660000,0x000000077b100000)
 ParOldGen       total 148480K, used 9868K [0x00000006c3000000, 0x00000006cc100000, 0x000000076bb00000)
  object space 148480K, 6% used [0x00000006c3000000,0x00000006c39a3298,0x00000006cc100000)
 Metaspace       used 33929K, capacity 36298K, committed 36648K, reserved 1081344K
  class space    used 4220K, capacity 4631K, committed 4736K, reserved 1048576K
GC Heap History (10 events):
Event: 3.159 GC heap after
Heap after GC invocations=6 (full 1):
 PSYoungGen      total 136192K, used 10730K [0x000000076bb00000, 0x0000000775e00000, 0x00000007c0000000)
  eden space 125440K, 0% used [0x000000076bb00000,0x000000076bb00000,0x0000000773580000)
  from space 10752K, 99% used [0x0000000773580000,0x0000000773ffa828,0x0000000774000000)
  to   space 11264K, 0% used [0x0000000775300000,0x0000000775300000,0x0000000775e00000)
 ParOldGen       total 102400K, used 7829K [0x00000006c3000000, 0x00000006c9400000, 0x000000076bb00000)
  object space 102400K, 7% used [0x00000006c3000000,0x00000006c37a57d0,0x00000006c9400000)
 Metaspace       used 30596K, capacity 32510K, committed 32640K, reserved 1077248K
  class space    used 3829K, capacity 4172K, committed 4224K, reserved 1048576K
}
Event: 54.074 GC heap before
{Heap before GC invocations=7 (full 1):
 PSYoungGen      total 136192K, used 48247K [0x000000076bb00000, 0x0000000775e00000, 0x00000007c0000000)
  eden space 125440K, 29% used [0x000000076bb00000,0x000000076dfa37b0,0x0000000773580000)
  from space 10752K, 99% used [0x0000000773580000,0x0000000773ffa828,0x0000000774000000)
  to   space 11264K, 0% used [0x0000000775300000,0x0000000775300000,0x0000000775e00000)
 ParOldGen       total 102400K, used 7829K [0x00000006c3000000, 0x00000006c9400000, 0x000000076bb00000)
  object space 102400K, 7% used [0x00000006c3000000,0x00000006c37a57d0,0x00000006c9400000)
 Metaspace       used 33231K, capacity 35432K, committed 35496K, reserved 1081344K
  class space    used 4176K, capacity 4555K, committed 4608K, reserved 1048576K
Event: 54.088 GC heap after
Heap after GC invocations=7 (full 1):
 PSYoungGen      total 155648K, used 8593K [0x000000076bb00000, 0x0000000777d80000, 0x00000007c0000000)
  eden space 144384K, 0% used [0x000000076bb00000,0x000000076bb00000,0x0000000774800000)
  from space 11264K, 76% used [0x0000000775300000,0x0000000775b64518,0x0000000775e00000)
  to   space 11264K, 0% used [0x0000000774800000,0x0000000774800000,0x0000000775300000)
 ParOldGen       total 102400K, used 7837K [0x00000006c3000000, 0x00000006c9400000, 0x000000076bb00000)
  object space 102400K, 7% used [0x00000006c3000000,0x00000006c37a77d0,0x00000006c9400000)
 Metaspace       used 33231K, capacity 35432K, committed 35496K, reserved 1081344K
  class space    used 4176K, capacity 4555K, committed 4608K, reserved 1048576K
}
Event: 54.088 GC heap before
{Heap before GC invocations=8 (full 2):
 PSYoungGen      total 155648K, used 8593K [0x000000076bb00000, 0x0000000777d80000, 0x00000007c0000000)
  eden space 144384K, 0% used [0x000000076bb00000,0x000000076bb00000,0x0000000774800000)
  from space 11264K, 76% used [0x0000000775300000,0x0000000775b64518,0x0000000775e00000)
  to   space 11264K, 0% used [0x0000000774800000,0x0000000774800000,0x0000000775300000)
 ParOldGen       total 102400K, used 7837K [0x00000006c3000000, 0x00000006c9400000, 0x000000076bb00000)
  object space 102400K, 7% used [0x00000006c3000000,0x00000006c37a77d0,0x00000006c9400000)
 Metaspace       used 33231K, capacity 35432K, committed 35496K, reserved 1081344K
  class space    used 4176K, capacity 4555K, committed 4608K, reserved 1048576K
Event: 54.128 GC heap after
Heap after GC invocations=8 (full 2):
 PSYoungGen      total 155648K, used 0K [0x000000076bb00000, 0x0000000777d80000, 0x00000007c0000000)
  eden space 144384K, 0% used [0x000000076bb00000,0x000000076bb00000,0x0000000774800000)
  from space 11264K, 0% used [0x0000000775300000,0x0000000775300000,0x0000000775e00000)
  to   space 11264K, 0% used [0x0000000774800000,0x0000000774800000,0x0000000775300000)
 ParOldGen       total 148480K, used 11927K [0x00000006c3000000, 0x00000006cc100000, 0x000000076bb00000)
  object space 148480K, 8% used [0x00000006c3000000,0x00000006c3ba5c38,0x00000006cc100000)
 Metaspace       used 33231K, capacity 35432K, committed 35496K, reserved 1081344K
  class space    used 4176K, capacity 4555K, committed 4608K, reserved 1048576K
}
Event: 616.364 GC heap before
{Heap before GC invocations=9 (full 2):
 PSYoungGen      total 155648K, used 16836K [0x000000076bb00000, 0x0000000777d80000, 0x00000007c0000000)
  eden space 144384K, 11% used [0x000000076bb00000,0x000000076cb711d0,0x0000000774800000)
  from space 11264K, 0% used [0x0000000775300000,0x0000000775300000,0x0000000775e00000)
  to   space 11264K, 0% used [0x0000000774800000,0x0000000774800000,0x0000000775300000)
 ParOldGen       total 148480K, used 11927K [0x00000006c3000000, 0x00000006cc100000, 0x000000076bb00000)
  object space 148480K, 8% used [0x00000006c3000000,0x00000006c3ba5c38,0x00000006cc100000)
 Metaspace       used 33444K, capacity 35774K, committed 36008K, reserved 1081344K
  class space    used 4201K, capacity 4600K, committed 4608K, reserved 1048576K
Event: 616.366 GC heap after
Heap after GC invocations=9 (full 2):
 PSYoungGen      total 155648K, used 288K [0x000000076bb00000, 0x000000077b100000, 0x00000007c0000000)
  eden space 144384K, 0% used [0x000000076bb00000,0x000000076bb00000,0x0000000774800000)
  from space 11264K, 2% used [0x0000000774800000,0x0000000774848000,0x0000000775300000)
  to   space 12800K, 0% used [0x000000077a480000,0x000000077a480000,0x000000077b100000)
 ParOldGen       total 148480K, used 11935K [0x00000006c3000000, 0x00000006cc100000, 0x000000076bb00000)
  object space 148480K, 8% used [0x00000006c3000000,0x00000006c3ba7c38,0x00000006cc100000)
 Metaspace       used 33444K, capacity 35774K, committed 36008K, reserved 1081344K
  class space    used 4201K, capacity 4600K, committed 4608K, reserved 1048576K
}
Event: 616.366 GC heap before
{Heap before GC invocations=10 (full 3):
 PSYoungGen      total 155648K, used 288K [0x000000076bb00000, 0x000000077b100000, 0x00000007c0000000)
  eden space 144384K, 0% used [0x000000076bb00000,0x000000076bb00000,0x0000000774800000)
  from space 11264K, 2% used [0x0000000774800000,0x0000000774848000,0x0000000775300000)
  to   space 12800K, 0% used [0x000000077a480000,0x000000077a480000,0x000000077b100000)
 ParOldGen       total 148480K, used 11935K [0x00000006c3000000, 0x00000006cc100000, 0x000000076bb00000)
  object space 148480K, 8% used [0x00000006c3000000,0x00000006c3ba7c38,0x00000006cc100000)
 Metaspace       used 33444K, capacity 35774K, committed 36008K, reserved 1081344K
  class space    used 4201K, capacity 4600K, committed 4608K, reserved 1048576K
Event: 616.466 GC heap after
Heap after GC invocations=10 (full 3):
 PSYoungGen      total 155648K, used 0K [0x000000076bb00000, 0x000000077b100000, 0x00000007c0000000)
  eden space 144384K, 0% used [0x000000076bb00000,0x000000076bb00000,0x0000000774800000)
  from space 11264K, 0% used [0x0000000774800000,0x0000000774800000,0x0000000775300000)
  to   space 12800K, 0% used [0x000000077a480000,0x000000077a480000,0x000000077b100000)
 ParOldGen       total 148480K, used 9860K [0x00000006c3000000, 0x00000006cc100000, 0x000000076bb00000)
  object space 148480K, 6% used [0x00000006c3000000,0x00000006c39a1298,0x00000006cc100000)
 Metaspace       used 33444K, capacity 35774K, committed 36008K, reserved 1081344K
  class space    used 4201K, capacity 4600K, committed 4608K, reserved 1048576K
}
Event: 618.577 GC heap before
{Heap before GC invocations=11 (full 3):
 PSYoungGen      total 155648K, used 48500K [0x000000076bb00000, 0x000000077b100000, 0x00000007c0000000)
  eden space 144384K, 33% used [0x000000076bb00000,0x000000076ea5d140,0x0000000774800000)
  from space 11264K, 0% used [0x0000000774800000,0x0000000774800000,0x0000000775300000)
  to   space 12800K, 0% used [0x000000077a480000,0x000000077a480000,0x000000077b100000)
 ParOldGen       total 148480K, used 9860K [0x00000006c3000000, 0x00000006cc100000, 0x000000076bb00000)
  object space 148480K, 6% used [0x00000006c3000000,0x00000006c39a1298,0x00000006cc100000)
 Metaspace       used 33929K, capacity 36298K, committed 36648K, reserved 1081344K
  class space    used 4220K, capacity 4631K, committed 4736K, reserved 1048576K

